# JRE version: Java(TM) SE Runtime Environment (19.0.1+10) (build 19.0.1+10-21)
# Java VM: Java HotSpot(TM) 64-Bit Server VM (19.0.1+10-21, mixed mode, emulated-client, sharing, tiered, compressed oops, compressed class ptrs, g1 gc, windows-amd64)
GC Precious Log:
 CardTable entry size: 512
 Card Set container configuration: InlinePtr #cards 5 size 8 Array Of Cards #cards 12 size 40 Howl #buckets 4 coarsen threshold 1843 Howl Bitmap #cards 512 size 80 coarsen threshold 460 Card regions per heap region 1 cards per card region 2048
 CPUs: 8 total, 8 available
 Memory: 7116M
 Large Page Support: Disabled
 NUMA Support: Disabled
 Compressed Oops: Enabled (32-bit)
 Heap Region Size: 1M
 Heap Min Capacity: 8M
 Heap Initial Capacity: 112M
 Heap Max Capacity: 1780M
 Pre-touch: Disabled
 Parallel Workers: 8
 Concurrent Workers: 2
 Concurrent Refinement Workers: 8
 Periodic GC: Disabled
Heap:
 garbage-first heap   total 122880K, used 75972K [0x0000000090c00000, 0x0000000100000000)
  region size 1024K, 37 young (37888K), 3 survivors (3072K)
 Metaspace       used 68509K, committed 69248K, reserved 1114112K
  class space    used 9123K, committed 9472K, reserved 1048576K
GC Heap History (20 events):
Event: 393.864 GC heap after
{Heap after GC invocations=61 (full 8):
 garbage-first heap   total 102400K, used 32482K [0x0000000090c00000, 0x0000000100000000)
  region size 1024K, 4 young (4096K), 4 survivors (4096K)
 Metaspace       used 66330K, committed 67072K, reserved 1114112K
  class space    used 8920K, committed 9280K, reserved 1048576K
}
Event: 397.154 GC heap before
{Heap before GC invocations=61 (full 8):
 garbage-first heap   total 102400K, used 80610K [0x0000000090c00000, 0x0000000100000000)
  region size 1024K, 52 young (53248K), 4 survivors (4096K)
 Metaspace       used 66823K, committed 67584K, reserved 1114112K
  class space    used 8975K, committed 9344K, reserved 1048576K
}
Event: 397.161 GC heap after
{Heap after GC invocations=62 (full 8):
 garbage-first heap   total 102400K, used 34780K [0x0000000090c00000, 0x0000000100000000)
  region size 1024K, 6 young (6144K), 6 survivors (6144K)
 Metaspace       used 66823K, committed 67584K, reserved 1114112K
  class space    used 8975K, committed 9344K, reserved 1048576K
}
Event: 397.856 GC heap before
{Heap before GC invocations=62 (full 8):
 garbage-first heap   total 102400K, used 80860K [0x0000000090c00000, 0x0000000100000000)
  region size 1024K, 51 young (52224K), 6 survivors (6144K)
 Metaspace       used 67165K, committed 67968K, reserved 1114112K
  class space    used 9004K, committed 9408K, reserved 1048576K
}
Event: 397.864 GC heap after
{Heap after GC invocations=63 (full 8):
 garbage-first heap   total 102400K, used 37925K [0x0000000090c00000, 0x0000000100000000)
  region size 1024K, 7 young (7168K), 7 survivors (7168K)
 Metaspace       used 67165K, committed 67968K, reserved 1114112K
  class space    used 9004K, committed 9408K, reserved 1048576K
}
Event: 398.188 GC heap before
{Heap before GC invocations=63 (full 8):
 garbage-first heap   total 102400K, used 80933K [0x0000000090c00000, 0x0000000100000000)
  region size 1024K, 49 young (50176K), 7 survivors (7168K)
 Metaspace       used 67443K, committed 68224K, reserved 1114112K
  class space    used 9018K, committed 9408K, reserved 1048576K
}
Event: 398.195 GC heap after
{Heap after GC invocations=64 (full 8):
 garbage-first heap   total 102400K, used 39516K [0x0000000090c00000, 0x0000000100000000)
  region size 1024K, 5 young (5120K), 5 survivors (5120K)
 Metaspace       used 67443K, committed 68224K, reserved 1114112K
  class space    used 9018K, committed 9408K, reserved 1048576K
}
Event: 398.573 GC heap before
{Heap before GC invocations=64 (full 8):
 garbage-first heap   total 102400K, used 81500K [0x0000000090c00000, 0x0000000100000000)
  region size 1024K, 46 young (47104K), 5 survivors (5120K)
 Metaspace       used 67760K, committed 68544K, reserved 1114112K
  class space    used 9036K, committed 9408K, reserved 1048576K
}
Event: 398.578 GC heap after
{Heap after GC invocations=65 (full 8):
 garbage-first heap   total 102400K, used 41128K [0x0000000090c00000, 0x0000000100000000)
  region size 1024K, 4 young (4096K), 4 survivors (4096K)
 Metaspace       used 67760K, committed 68544K, reserved 1114112K
  class space    used 9036K, committed 9408K, reserved 1048576K
}
Event: 424.315 GC heap before
{Heap before GC invocations=65 (full 8):
 garbage-first heap   total 102400K, used 81064K [0x0000000090c00000, 0x0000000100000000)
  region size 1024K, 44 young (45056K), 4 survivors (4096K)
 Metaspace       used 68507K, committed 69248K, reserved 1114112K
  class space    used 9123K, committed 9472K, reserved 1048576K
}
Event: 424.319 GC heap after
{Heap after GC invocations=66 (full 8):
 garbage-first heap   total 122880K, used 42532K [0x0000000090c00000, 0x0000000100000000)
  region size 1024K, 5 young (5120K), 5 survivors (5120K)
 Metaspace       used 68507K, committed 69248K, reserved 1114112K
  class space    used 9123K, committed 9472K, reserved 1048576K
}
Event: 502.878 GC heap before
{Heap before GC invocations=66 (full 8):
 garbage-first heap   total 122880K, used 97828K [0x0000000090c00000, 0x0000000100000000)
  region size 1024K, 59 young (60416K), 5 survivors (5120K)
 Metaspace       used 68507K, committed 69248K, reserved 1114112K
  class space    used 9123K, committed 9472K, reserved 1048576K
}
Event: 502.882 GC heap after
{Heap after GC invocations=67 (full 8):
 garbage-first heap   total 122880K, used 42596K [0x0000000090c00000, 0x0000000100000000)
  region size 1024K, 4 young (4096K), 4 survivors (4096K)
 Metaspace       used 68507K, committed 69248K, reserved 1114112K
  class space    used 9123K, committed 9472K, reserved 1048576K
}
Event: 583.642 GC heap before
{Heap before GC invocations=67 (full 8):
 garbage-first heap   total 122880K, used 98916K [0x0000000090c00000, 0x0000000100000000)
  region size 1024K, 59 young (60416K), 4 survivors (4096K)
 Metaspace       used 68507K, committed 69248K, reserved 1114112K
  class space    used 9123K, committed 9472K, reserved 1048576K
}
Event: 583.645 GC heap after
{Heap after GC invocations=68 (full 8):
 garbage-first heap   total 122880K, used 42159K [0x0000000090c00000, 0x0000000100000000)
  region size 1024K, 3 young (3072K), 3 survivors (3072K)
 Metaspace       used 68507K, committed 69248K, reserved 1114112K
  class space    used 9123K, committed 9472K, reserved 1048576K
}
Event: 666.573 GC heap before
{Heap before GC invocations=68 (full 8):
 garbage-first heap   total 122880K, used 100527K [0x0000000090c00000, 0x0000000100000000)
  region size 1024K, 60 young (61440K), 3 survivors (3072K)
 Metaspace       used 68507K, committed 69248K, reserved 1114112K
  class space    used 9123K, committed 9472K, reserved 1048576K
}
Event: 666.576 GC heap after
{Heap after GC invocations=69 (full 8):
 garbage-first heap   total 122880K, used 42066K [0x0000000090c00000, 0x0000000100000000)
  region size 1024K, 3 young (3072K), 3 survivors (3072K)
 Metaspace       used 68507K, committed 69248K, reserved 1114112K
  class space    used 9123K, committed 9472K, reserved 1048576K
}
Event: 752.384 GC heap before
{Heap before GC invocations=69 (full 8):
 garbage-first heap   total 122880K, used 102482K [0x0000000090c00000, 0x0000000100000000)
  region size 1024K, 62 young (63488K), 3 survivors (3072K)
 Metaspace       used 68507K, committed 69248K, reserved 1114112K
  class space    used 9123K, committed 9472K, reserved 1048576K
}
Event: 752.389 GC heap after
{Heap after GC invocations=70 (full 8):
 garbage-first heap   total 122880K, used 42180K [0x0000000090c00000, 0x0000000100000000)
  region size 1024K, 3 young (3072K), 3 survivors (3072K)
 Metaspace       used 68507K, committed 69248K, reserved 1114112K
  class space    used 9123K, committed 9472K, reserved 1048576K
}
Event: 796.383 GC heap before
{Heap before GC invocations=70 (full 8):
 garbage-first heap   total 122880K, used 75972K [0x0000000090c00000, 0x0000000100000000)
  region size 1024K, 37 young (37888K), 3 survivors (3072K)
 Metaspace       used 68509K, committed 69248K, reserved 1114112K
  class space    used 9123K, committed 9472K, reserved 1048576K
}

