# JRE version: Java(TM) SE Runtime Environment (19.0.1+10) (build 19.0.1+10-21)
# Java VM: Java HotSpot(TM) 64-Bit Server VM (19.0.1+10-21, mixed mode, emulated-client, sharing, tiered, compressed oops, compressed class ptrs, g1 gc, windows-amd64)
GC Precious Log:
 CardTable entry size: 512
 Card Set container configuration: InlinePtr #cards 5 size 8 Array Of Cards #cards 12 size 40 Howl #buckets 4 coarsen threshold 1843 Howl Bitmap #cards 512 size 80 coarsen threshold 460 Card regions per heap region 1 cards per card region 2048
 CPUs: 8 total, 8 available
 Memory: 7116M
 Large Page Support: Disabled
 NUMA Support: Disabled
 Compressed Oops: Enabled (32-bit)
 Heap Region Size: 1M
 Heap Min Capacity: 8M
 Heap Initial Capacity: 112M
 Heap Max Capacity: 1780M
 Pre-touch: Disabled
 Parallel Workers: 8
 Concurrent Workers: 2
 Concurrent Refinement Workers: 8
 Periodic GC: Disabled
Heap:
 garbage-first heap   total 106496K, used 79663K [0x0000000090c00000, 0x0000000100000000)
  region size 1024K, 50 young (51200K), 1 survivors (1024K)
 Metaspace       used 60981K, committed 61568K, reserved 1114112K
  class space    used 8371K, committed 8640K, reserved 1048576K
GC Heap History (20 events):
Event: 9.719 GC heap after
{Heap after GC invocations=13 (full 0):
 garbage-first heap   total 55296K, used 23155K [0x0000000090c00000, 0x0000000100000000)
  region size 1024K, 1 young (1024K), 1 survivors (1024K)
 Metaspace       used 44701K, committed 45120K, reserved 1114112K
  class space    used 6210K, committed 6400K, reserved 1048576K
}
Event: 10.271 GC heap before
{Heap before GC invocations=13 (full 0):
 garbage-first heap   total 55296K, used 42611K [0x0000000090c00000, 0x0000000100000000)
  region size 1024K, 20 young (20480K), 1 survivors (1024K)
 Metaspace       used 46993K, committed 47424K, reserved 1114112K
  class space    used 6519K, committed 6720K, reserved 1048576K
}
Event: 10.274 GC heap after
{Heap after GC invocations=14 (full 0):
 garbage-first heap   total 55296K, used 23885K [0x0000000090c00000, 0x0000000100000000)
  region size 1024K, 2 young (2048K), 2 survivors (2048K)
 Metaspace       used 46993K, committed 47424K, reserved 1114112K
  class space    used 6519K, committed 6720K, reserved 1048576K
}
Event: 10.621 GC heap before
{Heap before GC invocations=14 (full 0):
 garbage-first heap   total 55296K, used 43341K [0x0000000090c00000, 0x0000000100000000)
  region size 1024K, 21 young (21504K), 2 survivors (2048K)
 Metaspace       used 49445K, committed 49920K, reserved 1114112K
  class space    used 6841K, committed 7040K, reserved 1048576K
}
Event: 10.625 GC heap after
{Heap after GC invocations=15 (full 0):
 garbage-first heap   total 55296K, used 25408K [0x0000000090c00000, 0x0000000100000000)
  region size 1024K, 3 young (3072K), 3 survivors (3072K)
 Metaspace       used 49445K, committed 49920K, reserved 1114112K
  class space    used 6841K, committed 7040K, reserved 1048576K
}
Event: 10.970 GC heap before
{Heap before GC invocations=15 (full 0):
 garbage-first heap   total 55296K, used 43840K [0x0000000090c00000, 0x0000000100000000)
  region size 1024K, 21 young (21504K), 3 survivors (3072K)
 Metaspace       used 51887K, committed 52416K, reserved 1114112K
  class space    used 7140K, committed 7424K, reserved 1048576K
}
Event: 10.974 GC heap after
{Heap after GC invocations=16 (full 0):
 garbage-first heap   total 55296K, used 26780K [0x0000000090c00000, 0x0000000100000000)
  region size 1024K, 2 young (2048K), 2 survivors (2048K)
 Metaspace       used 51887K, committed 52416K, reserved 1114112K
  class space    used 7140K, committed 7424K, reserved 1048576K
}
Event: 11.086 GC heap before
{Heap before GC invocations=16 (full 0):
 garbage-first heap   total 55296K, used 43164K [0x0000000090c00000, 0x0000000100000000)
  region size 1024K, 18 young (18432K), 2 survivors (2048K)
 Metaspace       used 52179K, committed 52672K, reserved 1114112K
  class space    used 7177K, committed 7424K, reserved 1048576K
}
Event: 11.088 GC heap after
{Heap after GC invocations=17 (full 0):
 garbage-first heap   total 55296K, used 27382K [0x0000000090c00000, 0x0000000100000000)
  region size 1024K, 2 young (2048K), 2 survivors (2048K)
 Metaspace       used 52179K, committed 52672K, reserved 1114112K
  class space    used 7177K, committed 7424K, reserved 1048576K
}
Event: 11.268 GC heap before
{Heap before GC invocations=18 (full 0):
 garbage-first heap   total 55296K, used 44790K [0x0000000090c00000, 0x0000000100000000)
  region size 1024K, 19 young (19456K), 2 survivors (2048K)
 Metaspace       used 52313K, committed 52864K, reserved 1114112K
  class space    used 7190K, committed 7488K, reserved 1048576K
}
Event: 11.271 GC heap after
{Heap after GC invocations=19 (full 0):
 garbage-first heap   total 55296K, used 27861K [0x0000000090c00000, 0x0000000100000000)
  region size 1024K, 2 young (2048K), 2 survivors (2048K)
 Metaspace       used 52313K, committed 52864K, reserved 1114112K
  class space    used 7190K, committed 7488K, reserved 1048576K
}
Event: 11.278 GC heap before
{Heap before GC invocations=19 (full 0):
 garbage-first heap   total 55296K, used 28885K [0x0000000090c00000, 0x0000000100000000)
  region size 1024K, 3 young (3072K), 2 survivors (2048K)
 Metaspace       used 52341K, committed 52864K, reserved 1114112K
  class space    used 7192K, committed 7488K, reserved 1048576K
}
Event: 11.280 GC heap after
{Heap after GC invocations=20 (full 0):
 garbage-first heap   total 55296K, used 27852K [0x0000000090c00000, 0x0000000100000000)
  region size 1024K, 1 young (1024K), 1 survivors (1024K)
 Metaspace       used 52341K, committed 52864K, reserved 1114112K
  class space    used 7192K, committed 7488K, reserved 1048576K
}
Event: 11.428 GC heap before
{Heap before GC invocations=20 (full 0):
 garbage-first heap   total 55296K, used 44236K [0x0000000090c00000, 0x0000000100000000)
  region size 1024K, 17 young (17408K), 1 survivors (1024K)
 Metaspace       used 52643K, committed 53184K, reserved 1114112K
  class space    used 7249K, committed 7488K, reserved 1048576K
}
Event: 11.430 GC heap after
{Heap after GC invocations=21 (full 0):
 garbage-first heap   total 106496K, used 28482K [0x0000000090c00000, 0x0000000100000000)
  region size 1024K, 1 young (1024K), 1 survivors (1024K)
 Metaspace       used 52643K, committed 53184K, reserved 1114112K
  class space    used 7249K, committed 7488K, reserved 1048576K
}
Event: 12.025 GC heap before
{Heap before GC invocations=22 (full 0):
 garbage-first heap   total 106496K, used 82754K [0x0000000090c00000, 0x0000000100000000)
  region size 1024K, 54 young (55296K), 1 survivors (1024K)
 Metaspace       used 55335K, committed 55936K, reserved 1114112K
  class space    used 7642K, committed 7936K, reserved 1048576K
}
Event: 12.029 GC heap after
{Heap after GC invocations=23 (full 0):
 garbage-first heap   total 106496K, used 31272K [0x0000000090c00000, 0x0000000100000000)
  region size 1024K, 4 young (4096K), 4 survivors (4096K)
 Metaspace       used 55335K, committed 55936K, reserved 1114112K
  class space    used 7642K, committed 7936K, reserved 1048576K
}
Event: 12.054 GC heap before
{Heap before GC invocations=23 (full 0):
 garbage-first heap   total 106496K, used 32296K [0x0000000090c00000, 0x0000000100000000)
  region size 1024K, 5 young (5120K), 4 survivors (4096K)
 Metaspace       used 55459K, committed 56000K, reserved 1114112K
  class space    used 7659K, committed 7936K, reserved 1048576K
}
Event: 12.059 GC heap after
{Heap after GC invocations=24 (full 0):
 garbage-first heap   total 106496K, used 31535K [0x0000000090c00000, 0x0000000100000000)
  region size 1024K, 1 young (1024K), 1 survivors (1024K)
 Metaspace       used 55459K, committed 56000K, reserved 1114112K
  class space    used 7659K, committed 7936K, reserved 1048576K
}
Event: 107.027 GC heap before
{Heap before GC invocations=24 (full 0):
 garbage-first heap   total 106496K, used 79663K [0x0000000090c00000, 0x0000000100000000)
  region size 1024K, 50 young (51200K), 1 survivors (1024K)
 Metaspace       used 60981K, committed 61568K, reserved 1114112K
  class space    used 8371K, committed 8640K, reserved 1048576K
}

